d:\github\wolf_hunt\code\wolf_hunt\wolf_hunt\x64\release\wolf_hunt.pdb
d:\github\wolf_hunt\code\wolf_hunt\wolf_hunt\x64\release\aiboids.obj
d:\github\wolf_hunt\code\wolf_hunt\wolf_hunt\x64\release\world.obj
d:\github\wolf_hunt\code\wolf_hunt\wolf_hunt\x64\release\entitysheep.obj
d:\github\wolf_hunt\code\wolf_hunt\wolf_hunt\x64\release\spgameinstance.obj
d:\github\wolf_hunt\code\wolf_hunt\wolf_hunt\x64\release\gridnode.obj
d:\github\wolf_hunt\code\wolf_hunt\wolf_hunt\x64\release\entitywolf.obj
d:\github\wolf_hunt\code\wolf_hunt\wolf_hunt\x64\release\entityliving.obj
d:\github\wolf_hunt\code\wolf_hunt\wolf_hunt\x64\release\entitygrass.obj
d:\github\wolf_hunt\code\wolf_hunt\wolf_hunt\x64\release\entityfox.obj
d:\github\wolf_hunt\code\wolf_hunt\wolf_hunt\x64\release\entitycorpse.obj
d:\github\wolf_hunt\code\wolf_hunt\wolf_hunt\x64\release\entity.obj
d:\github\wolf_hunt\code\wolf_hunt\wolf_hunt\x64\release\constraint.obj
d:\github\wolf_hunt\code\wolf_hunt\wolf_hunt\x64\release\entityhunter.obj
d:\github\wolf_hunt\code\wolf_hunt\wolf_hunt\x64\release\ainode.obj
d:\github\wolf_hunt\code\wolf_hunt\wolf_hunt\x64\release\aineuralnetwork.obj
d:\github\wolf_hunt\code\wolf_hunt\wolf_hunt\x64\release\gameinstance.obj
d:\github\wolf_hunt\code\wolf_hunt\x64\release\wolf_hunt.lib
d:\github\wolf_hunt\code\wolf_hunt\wolf_hunt\x64\release\wolf_hunt.res
d:\github\wolf_hunt\code\wolf_hunt\wolf_hunt\x64\release\wolf_hunt.tlog\cl.command.1.tlog
d:\github\wolf_hunt\code\wolf_hunt\wolf_hunt\x64\release\wolf_hunt.tlog\cl.read.1.tlog
d:\github\wolf_hunt\code\wolf_hunt\wolf_hunt\x64\release\wolf_hunt.tlog\cl.write.1.tlog
d:\github\wolf_hunt\code\wolf_hunt\wolf_hunt\x64\release\wolf_hunt.tlog\lib-link-cvtres.read.1.tlog
d:\github\wolf_hunt\code\wolf_hunt\wolf_hunt\x64\release\wolf_hunt.tlog\lib-link-cvtres.write.1.tlog
d:\github\wolf_hunt\code\wolf_hunt\wolf_hunt\x64\release\wolf_hunt.tlog\lib.command.1.tlog
d:\github\wolf_hunt\code\wolf_hunt\wolf_hunt\x64\release\wolf_hunt.tlog\rc.command.1.tlog
d:\github\wolf_hunt\code\wolf_hunt\wolf_hunt\x64\release\wolf_hunt.tlog\rc.read.1.tlog
d:\github\wolf_hunt\code\wolf_hunt\wolf_hunt\x64\release\wolf_hunt.tlog\rc.write.1.tlog
