  AIBoids.cpp
d:\github\wolf_hunt\code\wolf_hunt\wolf_hunt\Entity.h(8): warning C4305: 'initializing': truncation from 'double' to 'const float'
d:\github\wolf_hunt\code\wolf_hunt\wolf_hunt\EntityWolf.h(14): warning C4305: 'initializing': truncation from 'double' to 'float'
d:\github\wolf_hunt\code\wolf_hunt\wolf_hunt\World.h(15): warning C4305: 'initializing': truncation from 'double' to 'float'
AIBoids.cpp(78): warning C4244: 'argument': conversion from 'unsigned __int64' to 'float', possible loss of data
AIBoids.cpp(101): warning C4244: 'initializing': conversion from 'int' to 'float', possible loss of data
  Constraint.cpp
d:\github\wolf_hunt\code\wolf_hunt\wolf_hunt\Entity.h(8): warning C4305: 'initializing': truncation from 'double' to 'const float'
d:\github\wolf_hunt\code\wolf_hunt\wolf_hunt\World.h(15): warning C4305: 'initializing': truncation from 'double' to 'float'
  Entity.cpp
d:\github\wolf_hunt\code\wolf_hunt\wolf_hunt\Entity.h(8): warning C4305: 'initializing': truncation from 'double' to 'const float'
d:\github\wolf_hunt\code\wolf_hunt\wolf_hunt\World.h(15): warning C4305: 'initializing': truncation from 'double' to 'float'
Entity.cpp(8): warning C4305: '=': truncation from 'double' to 'float'
Entity.cpp(9): warning C4305: '=': truncation from 'double' to 'float'
Entity.cpp(73): warning C4244: '=': conversion from 'int' to 'float', possible loss of data
Entity.cpp(74): warning C4244: '=': conversion from 'int' to 'float', possible loss of data
Entity.cpp(78): warning C4244: '=': conversion from 'int' to 'float', possible loss of data
Entity.cpp(79): warning C4244: '=': conversion from 'int' to 'float', possible loss of data
Entity.cpp(101): warning C4244: 'initializing': conversion from 'float' to 'int', possible loss of data
  EntityCorpse.cpp
d:\github\wolf_hunt\code\wolf_hunt\wolf_hunt\Entity.h(8): warning C4305: 'initializing': truncation from 'double' to 'const float'
d:\github\wolf_hunt\code\wolf_hunt\wolf_hunt\World.h(15): warning C4305: 'initializing': truncation from 'double' to 'float'
EntityCorpse.cpp(18): warning C4244: '-=': conversion from 'double' to 'float', possible loss of data
  EntityFox.cpp
d:\github\wolf_hunt\code\wolf_hunt\wolf_hunt\Entity.h(8): warning C4305: 'initializing': truncation from 'double' to 'const float'
d:\github\wolf_hunt\code\wolf_hunt\wolf_hunt\World.h(15): warning C4305: 'initializing': truncation from 'double' to 'float'
EntityFox.cpp(14): warning C4305: '=': truncation from 'double' to 'float'
  EntityGrass.cpp
d:\github\wolf_hunt\code\wolf_hunt\wolf_hunt\Entity.h(8): warning C4305: 'initializing': truncation from 'double' to 'const float'
d:\github\wolf_hunt\code\wolf_hunt\wolf_hunt\World.h(15): warning C4305: 'initializing': truncation from 'double' to 'float'
  EntityLiving.cpp
d:\github\wolf_hunt\code\wolf_hunt\wolf_hunt\Entity.h(8): warning C4305: 'initializing': truncation from 'double' to 'const float'
d:\github\wolf_hunt\code\wolf_hunt\wolf_hunt\World.h(15): warning C4305: 'initializing': truncation from 'double' to 'float'
EntityLiving.cpp(60): warning C4244: 'argument': conversion from 'double' to 'float', possible loss of data
  EntitySheep.cpp
d:\github\wolf_hunt\code\wolf_hunt\wolf_hunt\Entity.h(8): warning C4305: 'initializing': truncation from 'double' to 'const float'
d:\github\wolf_hunt\code\wolf_hunt\wolf_hunt\World.h(15): warning C4305: 'initializing': truncation from 'double' to 'float'
d:\github\wolf_hunt\code\wolf_hunt\wolf_hunt\EntityWolf.h(14): warning C4305: 'initializing': truncation from 'double' to 'float'
EntitySheep.cpp(20): warning C4244: '*=': conversion from 'double' to 'float', possible loss of data
EntitySheep.cpp(21): warning C4305: '=': truncation from 'double' to 'float'
EntitySheep.cpp(83): warning C4244: 'argument': conversion from 'int' to 'const float', possible loss of data
EntitySheep.cpp(84): warning C4244: 'argument': conversion from 'int' to 'const float', possible loss of data
EntitySheep.cpp(85): warning C4244: 'argument': conversion from 'int' to 'const float', possible loss of data
EntitySheep.cpp(94): warning C4244: '=': conversion from '__int64' to 'int', possible loss of data
  EntityWolf.cpp
d:\github\wolf_hunt\code\wolf_hunt\wolf_hunt\Entity.h(8): warning C4305: 'initializing': truncation from 'double' to 'const float'
d:\github\wolf_hunt\code\wolf_hunt\wolf_hunt\EntityWolf.h(14): warning C4305: 'initializing': truncation from 'double' to 'float'
d:\github\wolf_hunt\code\wolf_hunt\wolf_hunt\World.h(15): warning C4305: 'initializing': truncation from 'double' to 'float'
EntityWolf.cpp(15): warning C4305: '=': truncation from 'double' to 'float'
  SPGameInstance.cpp
d:\github\wolf_hunt\code\wolf_hunt\wolf_hunt\Entity.h(8): warning C4305: 'initializing': truncation from 'double' to 'const float'
d:\github\wolf_hunt\code\wolf_hunt\wolf_hunt\World.h(15): warning C4305: 'initializing': truncation from 'double' to 'float'
d:\github\wolf_hunt\code\wolf_hunt\wolf_hunt\EntityWolf.h(14): warning C4305: 'initializing': truncation from 'double' to 'float'
  World.cpp
d:\github\wolf_hunt\code\wolf_hunt\wolf_hunt\Entity.h(8): warning C4305: 'initializing': truncation from 'double' to 'const float'
d:\github\wolf_hunt\code\wolf_hunt\wolf_hunt\World.h(15): warning C4305: 'initializing': truncation from 'double' to 'float'
d:\github\wolf_hunt\code\wolf_hunt\wolf_hunt\EntityWolf.h(14): warning C4305: 'initializing': truncation from 'double' to 'float'
World.cpp(52): warning C4305: '=': truncation from 'double' to 'float'
World.cpp(232): warning C4244: 'argument': conversion from 'float' to 'int', possible loss of data
  Wolf_Hunt.vcxproj -> D:\Github\Wolf_Hunt\Code\Wolf_Hunt\x64\Release\Wolf_Hunt.lib
