d:\github\wolf_hunt\code\wolf_hunt\wolf_hunt\x64\debug\vc140.pdb
d:\github\wolf_hunt\code\wolf_hunt\wolf_hunt\x64\debug\vc140.idb
d:\github\wolf_hunt\code\wolf_hunt\wolf_hunt\x64\debug\entity.obj
d:\github\wolf_hunt\code\wolf_hunt\wolf_hunt\x64\debug\entityliving.obj
d:\github\wolf_hunt\code\wolf_hunt\wolf_hunt\x64\debug\entitymap.obj
d:\github\wolf_hunt\code\wolf_hunt\wolf_hunt\x64\debug\vector.obj
d:\github\wolf_hunt\code\wolf_hunt\wolf_hunt\x64\debug\world.obj
d:\github\wolf_hunt\code\wolf_hunt\wolf_hunt\x64\debug\gamemanager.obj
d:\github\wolf_hunt\code\wolf_hunt\wolf_hunt\x64\debug\main.obj
d:\github\wolf_hunt\code\wolf_hunt\wolf_hunt\x64\debug\source.obj
d:\github\wolf_hunt\code\wolf_hunt\x64\debug\wolf_hunt.ilk
d:\github\wolf_hunt\code\wolf_hunt\x64\debug\wolf_hunt.exe
d:\github\wolf_hunt\code\wolf_hunt\x64\debug\wolf_hunt.pdb
d:\github\wolf_hunt\code\wolf_hunt\x64\debug\wolf_hunt.lib
d:\github\wolf_hunt\code\wolf_hunt\x64\debug\wolf_hunt.exp
d:\github\wolf_hunt\code\wolf_hunt\wolf_hunt\x64\debug\wolf_hunt.tlog\cl.command.1.tlog
d:\github\wolf_hunt\code\wolf_hunt\wolf_hunt\x64\debug\wolf_hunt.tlog\cl.read.1.tlog
d:\github\wolf_hunt\code\wolf_hunt\wolf_hunt\x64\debug\wolf_hunt.tlog\cl.write.1.tlog
d:\github\wolf_hunt\code\wolf_hunt\wolf_hunt\x64\debug\wolf_hunt.tlog\link.command.1.tlog
d:\github\wolf_hunt\code\wolf_hunt\wolf_hunt\x64\debug\wolf_hunt.tlog\link.read.1.tlog
d:\github\wolf_hunt\code\wolf_hunt\wolf_hunt\x64\debug\wolf_hunt.tlog\link.write.1.tlog
d:\github\wolf_hunt\code\wolf_hunt\wolf_hunt\x64\debug\wolf_hunt.tlog\wolf_hunt.write.1u.tlog
